<?xml version="1.0" encoding="UTF-8"?>
<!-- Generated by org.testng.reporters.JUnitReportReporter -->
<testsuite skipped="0" hostname="LAPTOP-Q18VUQ5U" name="com.qa.util.GetAuthToken" tests="1" failures="0" timestamp="05 Aug 2018 18:01:51 GMT" time="19.343" errors="0">
  <testcase name="generateAuth" time="19.343" classname="com.qa.util.GetAuthToken"/>
</testsuite> <!-- com.qa.util.GetAuthToken -->
