<?xml version="1.0" encoding="UTF-8"?>
<!-- Generated by org.testng.reporters.JUnitReportReporter -->
<testsuite skipped="0" hostname="LAPTOP-Q18VUQ5U" name="com.qa.tests.GetAPITest" tests="1" failures="0" timestamp="04 Aug 2018 11:36:14 GMT" time="2.258" errors="0">
  <testcase name="test" time="2.258" classname="com.qa.tests.GetAPITest"/>
</testsuite> <!-- com.qa.tests.GetAPITest -->
