<?xml version="1.0" encoding="UTF-8"?>
<!-- Generated by org.testng.reporters.JUnitReportReporter -->
<testsuite skipped="0" hostname="LAPTOP-Q18VUQ5U" name="com.qa.tests.PostGroup" tests="1" failures="0" timestamp="10 Aug 2018 18:19:55 GMT" time="1.962" errors="0">
  <testcase name="group" time="1.962" classname="com.qa.tests.PostGroup"/>
</testsuite> <!-- com.qa.tests.PostGroup -->
