<?xml version="1.0" encoding="UTF-8"?>
<!-- Generated by org.testng.reporters.JUnitReportReporter -->
<testsuite skipped="0" hostname="LAPTOP-Q18VUQ5U" name="com.qa.tests.GetGroupList" tests="1" failures="0" timestamp="10 Aug 2018 17:46:21 GMT" time="1.828" errors="0">
  <testcase name="group" time="1.828" classname="com.qa.tests.GetGroupList"/>
</testsuite> <!-- com.qa.tests.GetGroupList -->
